<?xml version="1.0" encoding="UTF-8"?>
<!-- Generated by org.testng.reporters.JUnitReportReporter -->
<testsuite hostname="SwiftAritra" failures="0" tests="4" name="com.herokuapp.theinternet.Loginpagetests.NegativeLoginTests" time="52.265" errors="0" timestamp="15 May 2021 16:10:53 GMT" skipped="0">
  <testcase classname="com.herokuapp.theinternet.Loginpagetests.NegativeLoginTests" name="negativeTest" time="12.569"/>
  <testcase classname="com.herokuapp.theinternet.Loginpagetests.NegativeLoginTests" name="negativeTest" time="8.831"/>
  <testcase classname="com.herokuapp.theinternet.Loginpagetests.NegativeLoginTests" name="negativeTest" time="15.612"/>
  <testcase classname="com.herokuapp.theinternet.Loginpagetests.NegativeLoginTests" name="negativeTest" time="15.253"/>
</testsuite> <!-- com.herokuapp.theinternet.Loginpagetests.NegativeLoginTests -->
