<?xml version="1.0" encoding="UTF-8"?>
<!-- Generated by org.testng.reporters.JUnitReportReporter -->
<testsuite hostname="SwiftAritra" failures="0" tests="2" name="com.herokuapp.theinternet.Loginpagetests.PositiveLoginTests" time="73.604" errors="0" timestamp="15 May 2021 16:10:21 GMT" skipped="0">
  <testcase classname="com.herokuapp.theinternet.Loginpagetests.PositiveLoginTests" name="loginTest" time="31.216"/>
  <testcase classname="com.herokuapp.theinternet.Loginpagetests.PositiveLoginTests" name="loginTest" time="42.388"/>
</testsuite> <!-- com.herokuapp.theinternet.Loginpagetests.PositiveLoginTests -->
